<?xml version="1.0" encoding="UTF-8"?>
<robot generator="Robot 4.1 (Python 3.9.6 on darwin)" generated="20210907 12:32:00.486" rpa="false" schemaversion="2">
<suite id="s1" name="CreateCharacters" source="/Users/jefferson/Desv/Cursos/Ninja/marvel-api/specs/CreateCharacters.robot">
<test id="s1-t1" name="Deve cadastrar um personagem">
<kw name="Set Client Key" library="Base">
<arg>jefferson1290@gmail.com</arg>
<kw name="Create Dictionary" library="BuiltIn">
<var>&amp;{usuario}</var>
<arg>email=${email}</arg>
<doc>Creates and returns a dictionary based on the given ``items``.</doc>
<msg timestamp="20210907 12:32:01.152" level="INFO">&amp;{usuario} = { email=jefferson1290@gmail.com }</msg>
<status status="PASS" starttime="20210907 12:32:01.151" endtime="20210907 12:32:01.152"/>
</kw>
<kw name="POST" library="RequestsLibrary">
<var>${response}</var>
<arg>${BASE_URI}/accounts</arg>
<arg>json=${usuario}</arg>
<doc>Sends a POST request.</doc>
<msg timestamp="20210907 12:32:01.724" level="INFO">POST Request : url=http://marvel.qaninja.academy/accounts 
 path_url=/accounts 
 headers={'User-Agent': 'python-requests/2.26.0', 'Accept-Encoding': 'gzip, deflate', 'Accept': '*/*', 'Connection': 'keep-alive', 'Content-Length': '36', 'Content-Type': 'application/json'} 
 body=b'{"email": "jefferson1290@gmail.com"}' 
 </msg>
<msg timestamp="20210907 12:32:01.725" level="INFO">POST Response : url=http://marvel.qaninja.academy/accounts 
 status=200, reason=OK 
 headers={'Server': 'Cowboy', 'Connection': 'keep-alive', 'X-Powered-By': 'Express', 'Access-Control-Allow-Origin': '*', 'Content-Type': 'application/json; charset=utf-8', 'Content-Length': '41', 'Etag': 'W/"29-1dx/34E0UaZmQQCfnsldyNxK14M"', 'Date': 'Tue, 07 Sep 2021 15:32:01 GMT', 'Via': '1.1 vegur'} 
 body={"client_key":"6136818dee284200167b32b5"} 
 </msg>
<msg timestamp="20210907 12:32:01.725" level="INFO">${response} = &lt;Response [200]&gt;</msg>
<status status="PASS" starttime="20210907 12:32:01.152" endtime="20210907 12:32:01.725"/>
</kw>
<kw name="Set Variable" library="BuiltIn">
<var>${client_key}</var>
<arg>${response.json()}[client_key]</arg>
<doc>Returns the given values which can then be assigned to a variables.</doc>
<msg timestamp="20210907 12:32:01.728" level="INFO">${client_key} = 6136818dee284200167b32b5</msg>
<status status="PASS" starttime="20210907 12:32:01.726" endtime="20210907 12:32:01.728"/>
</kw>
<kw name="Create Dictionary" library="BuiltIn">
<var>&amp;{HEADERS}</var>
<arg>client_key=${client_key}</arg>
<doc>Creates and returns a dictionary based on the given ``items``.</doc>
<msg timestamp="20210907 12:32:01.729" level="INFO">&amp;{HEADERS} = { client_key=6136818dee284200167b32b5 }</msg>
<status status="PASS" starttime="20210907 12:32:01.728" endtime="20210907 12:32:01.729"/>
</kw>
<kw name="Set Suite Variable" library="BuiltIn">
<arg>${HEADERS}</arg>
<doc>Makes a variable available everywhere within the scope of the current suite.</doc>
<msg timestamp="20210907 12:32:01.730" level="INFO">${HEADERS} = {'client_key': '6136818dee284200167b32b5'}</msg>
<status status="PASS" starttime="20210907 12:32:01.729" endtime="20210907 12:32:01.730"/>
</kw>
<status status="PASS" starttime="20210907 12:32:01.151" endtime="20210907 12:32:01.730"/>
</kw>
<kw name="Factory Thanos" library="Thanos">
<var>&amp;{personagem}</var>
<msg timestamp="20210907 12:32:01.732" level="INFO">&amp;{personagem} = { name=Joseph Reid | aliases=Thanos | age=3000 | team=Ordem Negra | active=False }</msg>
<status status="PASS" starttime="20210907 12:32:01.731" endtime="20210907 12:32:01.733"/>
</kw>
<kw name="POST" library="RequestsLibrary">
<var>${response}</var>
<arg>${BASE_URI}/characters</arg>
<arg>json=${personagem}</arg>
<arg>headers=${headers}</arg>
<doc>Sends a POST request.</doc>
<msg timestamp="20210907 12:32:02.096" level="INFO">POST Request : url=http://marvel.qaninja.academy/characters 
 path_url=/characters 
 headers={'User-Agent': 'python-requests/2.26.0', 'Accept-Encoding': 'gzip, deflate', 'Accept': '*/*', 'Connection': 'keep-alive', 'client_key': '6136818dee284200167b32b5', 'Content-Length': '97', 'Content-Type': 'application/json'} 
 body=b'{"name": "Joseph Reid", "aliases": "Thanos", "age": 3000, "team": "Ordem Negra", "active": false}' 
 </msg>
<msg timestamp="20210907 12:32:02.097" level="INFO">POST Response : url=http://marvel.qaninja.academy/characters 
 status=200, reason=OK 
 headers={'Server': 'Cowboy', 'Connection': 'keep-alive', 'X-Powered-By': 'Express', 'Access-Control-Allow-Origin': '*', 'Content-Type': 'application/json; charset=utf-8', 'Content-Length': '156', 'Etag': 'W/"9c-8xjmKMRNLlqQvVuFrzUmVKeFQ4U"', 'Date': 'Tue, 07 Sep 2021 15:32:02 GMT', 'Via': '1.1 vegur'} 
 body={"_id":"613785f21088a7001610d17f","name":"Joseph Reid","age":3000,"aliases":"Thanos","team":"Ordem Negra","active":false,"owner":"6136818dee284200167b32b5"} 
 </msg>
<msg timestamp="20210907 12:32:02.097" level="INFO">${response} = &lt;Response [200]&gt;</msg>
<status status="PASS" starttime="20210907 12:32:01.733" endtime="20210907 12:32:02.097"/>
</kw>
<kw name="Status Should Be" library="RequestsLibrary">
<arg>200</arg>
<arg>${response}</arg>
<doc>Fails if response status code is different than the expected.</doc>
<status status="PASS" starttime="20210907 12:32:02.098" endtime="20210907 12:32:02.099"/>
</kw>
<status status="PASS" starttime="20210907 12:32:01.151" endtime="20210907 12:32:02.099"/>
</test>
<doc>Suite de Teste do cadastro de personagens na API da Marvel</doc>
<status status="PASS" starttime="20210907 12:32:00.489" endtime="20210907 12:32:02.101"/>
</suite>
<statistics>
<total>
<stat pass="1" fail="0" skip="0">All Tests</stat>
</total>
<tag>
</tag>
<suite>
<stat pass="1" fail="0" skip="0" id="s1" name="CreateCharacters">CreateCharacters</stat>
</suite>
</statistics>
<errors>
</errors>
</robot>
